#
# There is insufficient memory for the Java Runtime Environment to continue.
# Native memory allocation (mmap) failed to map 257949696 bytes for G1 virtual space
# Possible reasons:
#   The system is out of physical RAM or swap space
#   The process is running with CompressedOops enabled, and the Java Heap may be blocking the growth of the native heap
# Possible solutions:
#   Reduce memory load on the system
#   Increase physical memory or swap space
#   Check if swap backing store is full
#   Decrease Java heap size (-Xmx/-Xms)
#   Decrease number of Java threads
#   Decrease Java thread stack sizes (-Xss)
#   Set larger code cache with -XX:ReservedCodeCacheSize=
#   JVM is running with Zero Based Compressed Oops mode in which the Java heap is
#     placed in the first 32GB address space. The Java Heap base address is the
#     maximum limit for the native heap growth. Please use -XX:HeapBaseMinAddress
#     to set the Java Heap base and to place the Java Heap above 32GB virtual address.
# This output file may be truncated or incomplete.
#
#  Out of Memory Error (os_windows.cpp:3771), pid=3136, tid=27356
#
# JRE version:  (17.0.7) (build )
# Java VM: OpenJDK 64-Bit Server VM (17.0.7+0-b2043.56-10353782, mixed mode, sharing, tiered, compressed oops, compressed class ptrs, g1 gc, windows-amd64)
# No core dump will be written. Minidumps are not enabled by default on client versions of Windows
#

---------------  S U M M A R Y ------------

Command Line: git4idea.http.GitAskPassApp Username for 'https://github.com': 

Host: AMD Ryzen 7 4800H with Radeon Graphics         , 16 cores, 15G,  Windows 11 , 64 bit Build 25915 (10.0.25915.1000)
Time: Sun Jul 30 22:19:52 2023  Windows 11 , 64 bit Build 25915 (10.0.25915.1000) elapsed time: 2.057189 seconds (0d 0h 0m 2s)

---------------  T H R E A D  ---------------

Current thread (0x000001ba9ac407c0):  JavaThread "Unknown thread" [_thread_in_vm, id=27356, stack(0x00000090a2700000,0x00000090a2800000)]

Stack: [0x00000090a2700000,0x00000090a2800000]
Native frames: (J=compiled Java code, j=interpreted, Vv=VM code, C=native code)
V  [jvm.dll+0x683cca]
V  [jvm.dll+0x8424b4]
V  [jvm.dll+0x843cae]
V  [jvm.dll+0x844313]
V  [jvm.dll+0x24ad2f]
V  [jvm.dll+0x680b99]
V  [jvm.dll+0x67526a]
V  [jvm.dll+0x30b3cb]
V  [jvm.dll+0x312876]
V  [jvm.dll+0x36221e]
V  [jvm.dll+0x36244f]
V  [jvm.dll+0x2e14a8]
V  [jvm.dll+0x2e2414]
V  [jvm.dll+0x814441]
V  [jvm.dll+0x36ffe1]
V  [jvm.dll+0x7f3a1c]
V  [jvm.dll+0x3f305f]
V  [jvm.dll+0x3f4b91]
C  [jli.dll+0x528f]
C  [ucrtbase.dll+0x609e1]
C  [KERNEL32.DLL+0x124d8]
C  [ntdll.dll+0x68241]


---------------  P R O C E S S  ---------------

Threads class SMR info:
_java_thread_list=0x00007ff8838eb098, length=0, elements={
}

Java Threads: ( => current thread )

Other Threads:
  0x000001ba9acad0f0 GCTaskThread "GC Thread#0" [stack: 0x00000090a2800000,0x00000090a2900000] [id=14272]
  0x000001ba9acbd530 ConcurrentGCThread "G1 Main Marker" [stack: 0x00000090a2900000,0x00000090a2a00000] [id=29608]
  0x000001ba9acbde40 ConcurrentGCThread "G1 Conc#0" [stack: 0x00000090a2a00000,0x00000090a2b00000] [id=26168]

[error occurred during error reporting (printing all threads), id 0xc0000005, EXCEPTION_ACCESS_VIOLATION (0xc0000005) at pc=0x00007ff8830a2087]

VM state: not at safepoint (not fully initialized)

VM Mutex/Monitor currently owned by a thread:  ([mutex/lock_event])
[0x000001ba9ac3c0b0] Heap_lock - owner thread: 0x000001ba9ac407c0

Heap address: 0x000000070a000000, size: 3936 MB, Compressed Oops mode: Zero based, Oop shift amount: 3

CDS archive(s) mapped at: [0x0000000000000000-0x0000000000000000-0x0000000000000000), size 0, SharedBaseAddress: 0x0000000800000000, ArchiveRelocationMode: 0.
Narrow klass base: 0x0000000000000000, Narrow klass shift: 0, Narrow klass range: 0x0

GC Precious Log:
<Empty>

Heap:
 garbage-first heap   total 0K, used 0K [0x000000070a000000, 0x0000000800000000)
  region size 2048K, 0 young (0K), 0 survivors (0K)

[error occurred during error reporting (printing heap information), id 0xc0000005, EXCEPTION_ACCESS_VIOLATION (0xc0000005) at pc=0x00007ff88348df59]

GC Heap History (0 events):
No events

Dll operation events (1 events):
Event: 0.020 Loaded shared library D:\AppData\apps\AndroidStudio\ch-0\231.9225.16.2311.10533651\jbr\bin\java.dll

Deoptimization events (0 events):
No events

Classes unloaded (0 events):
No events

Classes redefined (0 events):
No events

Internal exceptions (0 events):
No events

VM Operations (0 events):
No events

Events (0 events):
No events


Dynamic libraries:
0x00007ff7fa3d0000 - 0x00007ff7fa3da000 	D:\AppData\apps\AndroidStudio\ch-0\231.9225.16.2311.10533651\jbr\bin\java.exe
0x00007ff922030000 - 0x00007ff92225e000 	C:\WINDOWS\SYSTEM32\ntdll.dll
0x00007ff920660000 - 0x00007ff920726000 	C:\WINDOWS\System32\KERNEL32.DLL
0x00007ff91f790000 - 0x00007ff91faea000 	C:\WINDOWS\System32\KERNELBASE.dll
0x00007ff91b6b0000 - 0x00007ff91b74d000 	C:\WINDOWS\SYSTEM32\apphelp.dll
0x00007ff91f650000 - 0x00007ff91f783000 	C:\WINDOWS\System32\ucrtbase.dll
0x00007ff8f5d70000 - 0x00007ff8f5d87000 	D:\AppData\apps\AndroidStudio\ch-0\231.9225.16.2311.10533651\jbr\bin\jli.dll
0x00007ff921a50000 - 0x00007ff921c01000 	C:\WINDOWS\System32\USER32.dll
0x00007ff91f620000 - 0x00007ff91f647000 	C:\WINDOWS\System32\win32u.dll
0x00007ff9210e0000 - 0x00007ff921109000 	C:\WINDOWS\System32\GDI32.dll
0x00007ff91e5f0000 - 0x00007ff91e881000 	C:\WINDOWS\WinSxS\amd64_microsoft.windows.common-controls_6595b64144ccf1df_6.0.25915.1000_none_879502b3ab851761\COMCTL32.dll
0x00007ff91f460000 - 0x00007ff91f57f000 	C:\WINDOWS\System32\gdi32full.dll
0x00007ff921110000 - 0x00007ff9211b7000 	C:\WINDOWS\System32\msvcrt.dll
0x00007ff91fd30000 - 0x00007ff91fdd5000 	C:\WINDOWS\System32\msvcp_win.dll
0x00007ff8e6c00000 - 0x00007ff8e6c1b000 	D:\AppData\apps\AndroidStudio\ch-0\231.9225.16.2311.10533651\jbr\bin\VCRUNTIME140.dll
0x00007ff9211c0000 - 0x00007ff9211f0000 	C:\WINDOWS\System32\IMM32.DLL
0x00007ff9186a0000 - 0x00007ff9186ac000 	D:\AppData\apps\AndroidStudio\ch-0\231.9225.16.2311.10533651\jbr\bin\vcruntime140_1.dll
0x00007ff8cd1c0000 - 0x00007ff8cd24d000 	D:\AppData\apps\AndroidStudio\ch-0\231.9225.16.2311.10533651\jbr\bin\msvcp140.dll
0x00007ff882db0000 - 0x00007ff883a1e000 	D:\AppData\apps\AndroidStudio\ch-0\231.9225.16.2311.10533651\jbr\bin\server\jvm.dll
0x00007ff921980000 - 0x00007ff921a30000 	C:\WINDOWS\System32\ADVAPI32.dll
0x00007ff9218d0000 - 0x00007ff921970000 	C:\WINDOWS\System32\sechost.dll
0x00007ff921ec0000 - 0x00007ff921fe5000 	C:\WINDOWS\System32\RPCRT4.dll
0x00007ff919070000 - 0x00007ff919079000 	C:\WINDOWS\SYSTEM32\WSOCK32.dll
0x00007ff9175f0000 - 0x00007ff917624000 	C:\WINDOWS\SYSTEM32\WINMM.dll
0x00007ff920870000 - 0x00007ff9208e3000 	C:\WINDOWS\System32\WS2_32.dll
0x00007ff91db70000 - 0x00007ff91db7a000 	C:\WINDOWS\SYSTEM32\VERSION.dll
0x00007ff91dc90000 - 0x00007ff91dca8000 	C:\WINDOWS\SYSTEM32\kernel.appcore.dll
0x00007ff918840000 - 0x00007ff91884a000 	D:\AppData\apps\AndroidStudio\ch-0\231.9225.16.2311.10533651\jbr\bin\jimage.dll
0x00007ff91eca0000 - 0x00007ff91eed5000 	C:\WINDOWS\SYSTEM32\DBGHELP.DLL
0x00007ff921200000 - 0x00007ff92157a000 	C:\WINDOWS\System32\combase.dll
0x00007ff920e50000 - 0x00007ff920f25000 	C:\WINDOWS\System32\OLEAUT32.dll
0x00007ff91eb60000 - 0x00007ff91eb98000 	C:\WINDOWS\SYSTEM32\dbgcore.DLL
0x00007ff91f590000 - 0x00007ff91f611000 	C:\WINDOWS\System32\bcryptPrimitives.dll
0x00007ff8f8e40000 - 0x00007ff8f8e65000 	D:\AppData\apps\AndroidStudio\ch-0\231.9225.16.2311.10533651\jbr\bin\java.dll

dbghelp: loaded successfully - version: 4.0.5 - missing functions: none
symbol engine: initialized successfully - sym options: 0x614 - pdb path: .;D:\AppData\apps\AndroidStudio\ch-0\231.9225.16.2311.10533651\jbr\bin;C:\WINDOWS\SYSTEM32;C:\WINDOWS\WinSxS\amd64_microsoft.windows.common-controls_6595b64144ccf1df_6.0.25915.1000_none_879502b3ab851761;D:\AppData\apps\AndroidStudio\ch-0\231.9225.16.2311.10533651\jbr\bin\server

VM Arguments:
java_command: git4idea.http.GitAskPassApp Username for 'https://github.com': 
java_class_path (initial): D:/AppData/apps/AndroidStudio/ch-0/231.9225.16.2311.10533651/plugins/vcs-git/lib/git4idea-rt.jar;D:/AppData/apps/AndroidStudio/ch-0/231.9225.16.2311.10533651/lib/externalProcess-rt.jar
Launcher Type: SUN_STANDARD

[Global flags]
     intx CICompilerCount                          = 12                                        {product} {ergonomic}
     uint ConcGCThreads                            = 3                                         {product} {ergonomic}
     uint G1ConcRefinementThreads                  = 13                                        {product} {ergonomic}
   size_t G1HeapRegionSize                         = 2097152                                   {product} {ergonomic}
    uintx GCDrainStackTargetSize                   = 64                                        {product} {ergonomic}
   size_t InitialHeapSize                          = 257949696                                 {product} {ergonomic}
   size_t MarkStackSize                            = 4194304                                   {product} {ergonomic}
   size_t MaxHeapSize                              = 4127195136                                {product} {ergonomic}
   size_t MinHeapDeltaBytes                        = 2097152                                   {product} {ergonomic}
   size_t MinHeapSize                              = 8388608                                   {product} {ergonomic}
    uintx NonNMethodCodeHeapSize                   = 7602480                                {pd product} {ergonomic}
    uintx NonProfiledCodeHeapSize                  = 122027880                              {pd product} {ergonomic}
    uintx ProfiledCodeHeapSize                     = 122027880                              {pd product} {ergonomic}
    uintx ReservedCodeCacheSize                    = 251658240                              {pd product} {ergonomic}
     bool SegmentedCodeCache                       = true                                      {product} {ergonomic}
   size_t SoftMaxHeapSize                          = 4127195136                             {manageable} {ergonomic}
     bool UseCompressedClassPointers               = true                           {product lp64_product} {ergonomic}
     bool UseCompressedOops                        = true                           {product lp64_product} {ergonomic}
     bool UseG1GC                                  = true                                      {product} {ergonomic}
     bool UseLargePagesIndividualAllocation        = false                                  {pd product} {ergonomic}

Logging:
Log output configuration:
 #0: stdout all=warning uptime,level,tags
 #1: stderr all=off uptime,level,tags

Environment Variables:
JAVA_HOME=C:\Program Files\Java\jdk-17
PATH=C:\Program Files\Git\mingw64\libexec\git-core;C:\Program Files\Git\mingw64\libexec\git-core;C:\Program Files\Git\mingw64\bin;C:\Program Files\Git\usr\bin;C:\Users\clear\bin;C:\Program Files\Common Files\Oracle\Java\javapath;C:\WINDOWS\system32;C:\WINDOWS;C:\WINDOWS\System32\Wbem;C:\WINDOWS\System32\WindowsPowerShell\v1.0;C:\WINDOWS\System32\OpenSSH;C:\Program Files\Git\cmd;C:\Program Files\NVIDIA Corporation\NVIDIA NvDLISR;C:\Program Files (x86)\NVIDIA Corporation\PhysX\Common;C:\WINDOWS\system32;C:\WINDOWS;C:\WINDOWS\System32\Wbem;C:\WINDOWS\System32\WindowsPowerShell\v1.0;C:\WINDOWS\System32\OpenSSH;C:\Users\clear\AppData\Local\Microsoft\WindowsApps;C:\Users\clear\AppData\Local\JetBrains\Toolbox\scripts;%USERPROFILE%\AppData\Local\Microsoft\WindowsApps
USERNAME=clear
DISPLAY=:0.0
LC_ALL=en_US.UTF-8
TERM=xterm-256color
TMPDIR=C:\Users\clear\AppData\Local\Temp
OS=Windows_NT
PROCESSOR_IDENTIFIER=AMD64 Family 23 Model 96 Stepping 1, AuthenticAMD
TMP=C:\Users\clear\AppData\Local\Temp
TEMP=C:\Users\clear\AppData\Local\Temp


JNI global refs:

[error occurred during error reporting (JNI global references), id 0xc0000005, EXCEPTION_ACCESS_VIOLATION (0xc0000005) at pc=0x00007ff882e67fc0]


---------------  S Y S T E M  ---------------

OS:
 Windows 11 , 64 bit Build 25915 (10.0.25915.1000)
OS uptime: 1 days 3:38 hours
Hyper-V role detected

CPU: total 16 (initial active 16) (16 cores per cpu, 2 threads per core) family 23 model 96 stepping 1 microcode 0x8600103, cx8, cmov, fxsr, ht, mmx, 3dnowpref, sse, sse2, sse3, ssse3, sse4a, sse4.1, sse4.2, popcnt, lzcnt, tsc, tscinvbit, avx, avx2, aes, clmul, bmi1, bmi2, adx, sha, fma, vzeroupper, clflush, clflushopt, hv

Memory: 4k page, system-wide physical 15741M (661M free)
TotalPageFile size 43016M (AvailPageFile size 235M)
current process WorkingSet (physical memory assigned to process): 13M, peak: 13M
current process commit charge ("private bytes"): 70M, peak: 316M

vm_info: OpenJDK 64-Bit Server VM (17.0.7+0-b2043.56-10353782) for windows-amd64 JRE (17.0.7+0-b2043.56-10353782), built on Jun 21 2023 02:03:15 by "androidbuild" with MS VC++ 16.10 / 16.11 (VS2019)

END.
